<?xml version="1.0" encoding="UTF-8"?>
<!-- Generated by org.testng.reporters.JUnitXMLReporter -->
<testsuite ignored="3" hostname="LAPTOP-LMD6839C" failures="0" tests="9" name="Test" time="45.502" errors="0" timestamp="2022-08-30T17:23:17 IST">
  <testcase classname="com.bancaedge.testcases.HomePageTest" name="validateGroupCreditMenu" time="3.54"/>
  <testcase classname="com.bancaedge.testcases.HomePageTest" name="validateInvalidCIF" time="4.822"/>
  <testcase classname="com.bancaedge.testcases.HomePageTest" name="validateMySpaceMenu" time="3.525"/>
  <testcase classname="com.bancaedge.testcases.HomePageTest" name="validatePolicyVaultMenu" time="3.496"/>
  <testcase classname="com.bancaedge.testcases.HomePageTest" name="validateValidCIF" time="4.737"/>
  <testcase classname="com.bancaedge.testcases.LoginPageTetst" name="verifyTitle" time="0.006"/>
  <testcase classname="com.bancaedge.testcases.LoginPageTetst" name="verifyLogin" time="1.466"/>
  <testcase classname="com.bancaedge.testcases.LOBPageTest" name="verifyLOBURL" time="3.926"/>
  <testcase classname="com.bancaedge.testcases.CustomerSearchPageTest" name="validateCustName" time="4.78"/>
  <testcase classname="com.bancaedge.base.BaseClass" name="@BeforeTest loadConfig" time="0.0">
    <ignored/>
  </testcase> <!-- @BeforeTest loadConfig -->
  <testcase classname="com.bancaedge.base.BaseClass" name="@BeforeTest loadConfig" time="0.0">
    <ignored/>
  </testcase> <!-- @BeforeTest loadConfig -->
  <testcase classname="com.bancaedge.base.BaseClass" name="@BeforeTest loadConfig" time="0.0">
    <ignored/>
  </testcase> <!-- @BeforeTest loadConfig -->
</testsuite> <!-- Test -->
