<?xml version="1.0" encoding="UTF-8"?>
<testng-results ignored="0" total="1" passed="1" failed="0" skipped="0">
  <reporter-output>
  </reporter-output>
  <suite started-at="2022-11-02T18:12:54 IST" name="Suite" finished-at="2022-11-02T18:13:11 IST" duration-ms="16952">
    <groups>
      <group name="Sanity">
        <method signature="PolicyLeadPageTest.validateHDFCInsurerName()[pri:0, instance:com.bancaedge.testcases.PolicyLeadPageTest@20140db9]" name="validateHDFCInsurerName" class="com.bancaedge.testcases.PolicyLeadPageTest"/>
      </group> <!-- Sanity -->
      <group name="Regression">
        <method signature="PolicyLeadPageTest.validateHDFCInsurerName()[pri:0, instance:com.bancaedge.testcases.PolicyLeadPageTest@20140db9]" name="validateHDFCInsurerName" class="com.bancaedge.testcases.PolicyLeadPageTest"/>
      </group> <!-- Regression -->
      <group name="Smoke">
        <method signature="PolicyLeadPageTest.validateHDFCInsurerName()[pri:0, instance:com.bancaedge.testcases.PolicyLeadPageTest@20140db9]" name="validateHDFCInsurerName" class="com.bancaedge.testcases.PolicyLeadPageTest"/>
      </group> <!-- Smoke -->
    </groups>
    <test started-at="2022-11-02T18:12:54 IST" name="Test_All" finished-at="2022-11-02T18:13:11 IST" duration-ms="16952">
      <class name="com.bancaedge.testcases.PolicyLeadPageTest">
        <test-method is-config="true" signature="loadConfig()[pri:0, instance:com.bancaedge.testcases.PolicyLeadPageTest@20140db9]" started-at="2022-11-02T18:12:54 IST" name="loadConfig" finished-at="2022-11-02T18:12:54 IST" duration-ms="348" status="PASS">
          <reporter-output>
          </reporter-output>
        </test-method> <!-- loadConfig -->
        <test-method is-config="true" signature="setup(java.lang.String)[pri:0, instance:com.bancaedge.testcases.PolicyLeadPageTest@20140db9]" started-at="2022-11-02T18:12:54 IST" name="setup" finished-at="2022-11-02T18:13:03 IST" duration-ms="9420" status="PASS">
          <params>
            <param index="0">
              <value>
                <![CDATA[chrome]]>
              </value>
            </param>
          </params>
          <reporter-output>
          </reporter-output>
        </test-method> <!-- setup -->
        <test-method signature="validateHDFCInsurerName()[pri:0, instance:com.bancaedge.testcases.PolicyLeadPageTest@20140db9]" started-at="2022-11-02T18:13:03 IST" name="validateHDFCInsurerName" finished-at="2022-11-02T18:13:11 IST" duration-ms="7124" status="PASS">
          <reporter-output>
          </reporter-output>
        </test-method> <!-- validateHDFCInsurerName -->
      </class> <!-- com.bancaedge.testcases.PolicyLeadPageTest -->
    </test> <!-- Test_All -->
  </suite> <!-- Suite -->
</testng-results>
