<?xml version="1.0" encoding="UTF-8"?>
<testng-results skipped="0" failed="0" ignored="0" total="1" passed="1">
  <reporter-output>
  </reporter-output>
  <suite name="Suite" duration-ms="27141" started-at="2022-11-04T15:45:36 IST" finished-at="2022-11-04T15:46:03 IST">
    <groups>
      <group name="Sanity">
        <method signature="ProposalSummaryPageTest.checkAllfieldDisplayed()[pri:0, instance:com.bancaedge.testcases.ProposalSummaryPageTest@24b1d79b]" name="checkAllfieldDisplayed" class="com.bancaedge.testcases.ProposalSummaryPageTest"/>
      </group> <!-- Sanity -->
      <group name="Regression">
        <method signature="ProposalSummaryPageTest.checkAllfieldDisplayed()[pri:0, instance:com.bancaedge.testcases.ProposalSummaryPageTest@24b1d79b]" name="checkAllfieldDisplayed" class="com.bancaedge.testcases.ProposalSummaryPageTest"/>
      </group> <!-- Regression -->
      <group name="Smoke">
        <method signature="ProposalSummaryPageTest.checkAllfieldDisplayed()[pri:0, instance:com.bancaedge.testcases.ProposalSummaryPageTest@24b1d79b]" name="checkAllfieldDisplayed" class="com.bancaedge.testcases.ProposalSummaryPageTest"/>
      </group> <!-- Smoke -->
    </groups>
    <test name="Test_All" duration-ms="27141" started-at="2022-11-04T15:45:36 IST" finished-at="2022-11-04T15:46:03 IST">
      <class name="com.bancaedge.testcases.ProposalSummaryPageTest">
        <test-method status="PASS" signature="loadConfig()[pri:0, instance:com.bancaedge.testcases.ProposalSummaryPageTest@24b1d79b]" name="loadConfig" is-config="true" duration-ms="83" started-at="2022-11-04T15:45:36 IST" finished-at="2022-11-04T15:45:36 IST">
          <reporter-output>
          </reporter-output>
        </test-method> <!-- loadConfig -->
        <test-method status="PASS" signature="setup(java.lang.String)[pri:0, instance:com.bancaedge.testcases.ProposalSummaryPageTest@24b1d79b]" name="setup" is-config="true" duration-ms="2492" started-at="2022-11-04T15:45:36 IST" finished-at="2022-11-04T15:45:39 IST">
          <params>
            <param index="0">
              <value>
                <![CDATA[chrome]]>
              </value>
            </param>
          </params>
          <reporter-output>
          </reporter-output>
        </test-method> <!-- setup -->
        <test-method status="PASS" signature="checkAllfieldDisplayed()[pri:0, instance:com.bancaedge.testcases.ProposalSummaryPageTest@24b1d79b]" name="checkAllfieldDisplayed" duration-ms="24536" started-at="2022-11-04T15:45:39 IST" finished-at="2022-11-04T15:46:03 IST">
          <reporter-output>
          </reporter-output>
        </test-method> <!-- checkAllfieldDisplayed -->
      </class> <!-- com.bancaedge.testcases.ProposalSummaryPageTest -->
    </test> <!-- Test_All -->
  </suite> <!-- Suite -->
</testng-results>
